<?xml version="1.0" encoding="UTF-8"?>
<coverage generated="1386783758">
  <project timestamp="1386783758">
    <package name="Application\Controller">
      <file name="/var/www/central4/module/Application/src/Application/Controller/Index.php">
        <class name="Index" namespace="Application\Controller">
          <metrics methods="1" coveredmethods="0" conditionals="0" coveredconditionals="0" statements="3" coveredstatements="0" elements="4" coveredelements="0"/>
        </class>
        <line num="10" type="method" name="indexAction" crap="2" count="0"/>
        <line num="11" type="stmt" count="0"/>
        <line num="13" type="stmt" count="0"/>
        <metrics loc="15" ncloc="15" classes="1" methods="1" coveredmethods="0" conditionals="0" coveredconditionals="0" statements="3" coveredstatements="0" elements="4" coveredelements="0"/>
      </file>
      <file name="/var/www/central4/module/Application/src/Application/Controller/Orgao.php">
        <class name="Orgao" namespace="Application\Controller">
          <metrics methods="1" coveredmethods="0" conditionals="0" coveredconditionals="0" statements="8" coveredstatements="0" elements="9" coveredelements="0"/>
        </class>
        <line num="14" type="method" name="__construct" crap="2" count="0"/>
        <line num="15" type="stmt" count="0"/>
        <line num="16" type="stmt" count="0"/>
        <line num="17" type="stmt" count="0"/>
        <line num="19" type="stmt" count="0"/>
        <line num="20" type="stmt" count="0"/>
        <line num="21" type="stmt" count="0"/>
        <line num="22" type="stmt" count="0"/>
        <metrics loc="24" ncloc="24" classes="1" methods="1" coveredmethods="0" conditionals="0" coveredconditionals="0" statements="8" coveredstatements="0" elements="9" coveredelements="0"/>
      </file>
      <file name="/var/www/central4/module/Application/src/Application/Controller/Usuario.php">
        <class name="Usuario" namespace="Application\Controller">
          <metrics methods="3" coveredmethods="0" conditionals="0" coveredconditionals="0" statements="30" coveredstatements="0" elements="33" coveredelements="0"/>
        </class>
        <line num="6" type="stmt" count="0"/>
        <line num="9" type="stmt" count="0"/>
        <line num="18" type="method" name="__construct" crap="2" count="0"/>
        <line num="19" type="stmt" count="0"/>
        <line num="20" type="stmt" count="0"/>
        <line num="22" type="stmt" count="0"/>
        <line num="23" type="stmt" count="0"/>
        <line num="24" type="stmt" count="0"/>
        <line num="26" type="stmt" count="0"/>
        <line num="27" type="stmt" count="0"/>
        <line num="29" type="method" name="loginAction" crap="12" count="0"/>
        <line num="30" type="stmt" count="0"/>
        <line num="32" type="stmt" count="0"/>
        <line num="34" type="stmt" count="0"/>
        <line num="36" type="stmt" count="0"/>
        <line num="37" type="stmt" count="0"/>
        <line num="38" type="stmt" count="0"/>
        <line num="40" type="stmt" count="0"/>
        <line num="42" type="stmt" count="0"/>
        <line num="44" type="stmt" count="0"/>
        <line num="45" type="stmt" count="0"/>
        <line num="46" type="stmt" count="0"/>
        <line num="48" type="stmt" count="0"/>
        <line num="50" type="stmt" count="0"/>
        <line num="52" type="stmt" count="0"/>
        <line num="53" type="stmt" count="0"/>
        <line num="55" type="method" name="logoutAction" crap="2" count="0"/>
        <line num="56" type="stmt" count="0"/>
        <line num="57" type="stmt" count="0"/>
        <line num="58" type="stmt" count="0"/>
        <line num="59" type="stmt" count="0"/>
        <line num="60" type="stmt" count="0"/>
        <metrics loc="62" ncloc="62" classes="1" methods="3" coveredmethods="0" conditionals="0" coveredconditionals="0" statements="32" coveredstatements="0" elements="35" coveredelements="0"/>
      </file>
    </package>
    <package name="Application\Entity">
      <file name="/var/www/central4/module/Application/src/Application/Entity/Orgao.php">
        <class name="Orgao" namespace="Application\Entity">
          <metrics methods="2" coveredmethods="0" conditionals="0" coveredconditionals="0" statements="7" coveredstatements="0" elements="9" coveredelements="0"/>
        </class>
        <line num="6" type="stmt" count="0"/>
        <line num="47" type="method" name="__construct" crap="2" count="0"/>
        <line num="48" type="stmt" count="0"/>
        <line num="49" type="stmt" count="0"/>
        <line num="50" type="stmt" count="0"/>
        <line num="52" type="method" name="addSite" crap="2" count="0"/>
        <line num="53" type="stmt" count="0"/>
        <line num="54" type="stmt" count="0"/>
        <metrics loc="56" ncloc="32" classes="1" methods="2" coveredmethods="0" conditionals="0" coveredconditionals="0" statements="8" coveredstatements="0" elements="10" coveredelements="0"/>
      </file>
      <file name="/var/www/central4/module/Application/src/Application/Entity/Site.php">
        <class name="Site" namespace="Application\Entity">
          <metrics methods="2" coveredmethods="0" conditionals="0" coveredconditionals="0" statements="7" coveredstatements="0" elements="9" coveredelements="0"/>
        </class>
        <line num="6" type="stmt" count="0"/>
        <line num="43" type="method" name="__construct" crap="2" count="0"/>
        <line num="44" type="stmt" count="0"/>
        <line num="45" type="stmt" count="0"/>
        <line num="46" type="stmt" count="0"/>
        <line num="48" type="method" name="addUsuario" crap="2" count="0"/>
        <line num="49" type="stmt" count="0"/>
        <line num="50" type="stmt" count="0"/>
        <metrics loc="52" ncloc="30" classes="1" methods="2" coveredmethods="0" conditionals="0" coveredconditionals="0" statements="8" coveredstatements="0" elements="10" coveredelements="0"/>
      </file>
      <file name="/var/www/central4/module/Application/src/Application/Entity/Usuario.php">
        <class name="Usuario" namespace="Application\Entity">
          <metrics methods="8" coveredmethods="7" conditionals="0" coveredconditionals="0" statements="28" coveredstatements="21" elements="36" coveredelements="28"/>
        </class>
        <line num="0" type="stmt" count="1"/>
        <line num="66" type="method" name="__construct" crap="1" count="8"/>
        <line num="67" type="stmt" count="8"/>
        <line num="68" type="stmt" count="8"/>
        <line num="69" type="stmt" count="8"/>
        <line num="71" type="method" name="addSite" crap="2" count="0"/>
        <line num="72" type="stmt" count="0"/>
        <line num="73" type="stmt" count="0"/>
        <line num="79" type="method" name="validate" crap="5.50" count="6"/>
        <line num="81" type="stmt" count="6"/>
        <line num="82" type="stmt" count="2"/>
        <line num="83" type="stmt" count="2"/>
        <line num="84" type="stmt" count="2"/>
        <line num="86" type="stmt" count="2"/>
        <line num="87" type="stmt" count="0"/>
        <line num="88" type="stmt" count="0"/>
        <line num="89" type="stmt" count="0"/>
        <line num="91" type="stmt" count="0"/>
        <line num="92" type="stmt" count="0"/>
        <line num="94" type="stmt" count="2"/>
        <line num="97" type="method" name="verify" crap="1" count="2"/>
        <line num="99" type="stmt" count="2"/>
        <line num="102" type="method" name="getBcrypt" crap="1" count="2"/>
        <line num="104" type="stmt" count="2"/>
        <line num="106" type="stmt" count="2"/>
        <line num="108" type="stmt" count="2"/>
        <line num="109" type="stmt" count="2"/>
        <line num="112" type="method" name="generatePassword" crap="1" count="2"/>
        <line num="114" type="stmt" count="2"/>
        <line num="117" type="method" name="getSalt" crap="2" count="2"/>
        <line num="119" type="stmt" count="2"/>
        <line num="120" type="stmt" count="2"/>
        <line num="121" type="stmt" count="2"/>
        <line num="122" type="stmt" count="2"/>
        <line num="125" type="method" name="regenerateSalt" crap="1" count="2"/>
        <line num="127" type="stmt" count="2"/>
        <line num="128" type="stmt" count="2"/>
        <line num="131" type="stmt" count="1"/>
        <metrics loc="130" ncloc="90" classes="1" methods="8" coveredmethods="6" conditionals="0" coveredconditionals="0" statements="28" coveredstatements="21" elements="36" coveredelements="27"/>
      </file>
      <file name="/var/www/central4/module/Application/src/Application/Entity/UsuarioSite.php">
        <class name="UsuarioSite" namespace="Application\Entity">
          <metrics methods="0" coveredmethods="0" conditionals="0" coveredconditionals="0" statements="0" coveredstatements="0" elements="0" coveredelements="0"/>
        </class>
        <line num="6" type="stmt" count="0"/>
        <line num="7" type="stmt" count="0"/>
        <metrics loc="35" ncloc="18" classes="1" methods="0" coveredmethods="0" conditionals="0" coveredconditionals="0" statements="2" coveredstatements="0" elements="2" coveredelements="0"/>
      </file>
    </package>
    <package name="Application\Filter">
      <file name="/var/www/central4/module/Application/src/Application/Filter/Orgao.php">
        <class name="Orgao" namespace="Application\Filter">
          <metrics methods="1" coveredmethods="0" conditionals="0" coveredconditionals="0" statements="45" coveredstatements="0" elements="46" coveredelements="0"/>
        </class>
        <line num="10" type="method" name="__construct" crap="2" count="0"/>
        <line num="11" type="stmt" count="0"/>
        <line num="13" type="stmt" count="0"/>
        <line num="14" type="stmt" count="0"/>
        <line num="15" type="stmt" count="0"/>
        <line num="16" type="stmt" count="0"/>
        <line num="17" type="stmt" count="0"/>
        <line num="18" type="stmt" count="0"/>
        <line num="19" type="stmt" count="0"/>
        <line num="20" type="stmt" count="0"/>
        <line num="21" type="stmt" count="0"/>
        <line num="22" type="stmt" count="0"/>
        <line num="23" type="stmt" count="0"/>
        <line num="24" type="stmt" count="0"/>
        <line num="25" type="stmt" count="0"/>
        <line num="26" type="stmt" count="0"/>
        <line num="28" type="stmt" count="0"/>
        <line num="29" type="stmt" count="0"/>
        <line num="30" type="stmt" count="0"/>
        <line num="31" type="stmt" count="0"/>
        <line num="32" type="stmt" count="0"/>
        <line num="33" type="stmt" count="0"/>
        <line num="34" type="stmt" count="0"/>
        <line num="35" type="stmt" count="0"/>
        <line num="36" type="stmt" count="0"/>
        <line num="37" type="stmt" count="0"/>
        <line num="38" type="stmt" count="0"/>
        <line num="39" type="stmt" count="0"/>
        <line num="40" type="stmt" count="0"/>
        <line num="41" type="stmt" count="0"/>
        <line num="42" type="stmt" count="0"/>
        <line num="43" type="stmt" count="0"/>
        <line num="44" type="stmt" count="0"/>
        <line num="45" type="stmt" count="0"/>
        <line num="47" type="stmt" count="0"/>
        <line num="48" type="stmt" count="0"/>
        <line num="49" type="stmt" count="0"/>
        <line num="50" type="stmt" count="0"/>
        <line num="51" type="stmt" count="0"/>
        <line num="52" type="stmt" count="0"/>
        <line num="53" type="stmt" count="0"/>
        <line num="54" type="stmt" count="0"/>
        <line num="55" type="stmt" count="0"/>
        <line num="56" type="stmt" count="0"/>
        <line num="58" type="stmt" count="0"/>
        <metrics loc="60" ncloc="60" classes="1" methods="1" coveredmethods="0" conditionals="0" coveredconditionals="0" statements="45" coveredstatements="0" elements="46" coveredelements="0"/>
      </file>
      <file name="/var/www/central4/module/Application/src/Application/Filter/Usuario.php">
        <class name="Usuario" namespace="Application\Filter">
          <metrics methods="1" coveredmethods="1" conditionals="0" coveredconditionals="0" statements="60" coveredstatements="60" elements="61" coveredelements="61"/>
        </class>
        <line num="10" type="method" name="__construct" crap="1" count="8"/>
        <line num="13" type="stmt" count="8"/>
        <line num="15" type="stmt" count="8"/>
        <line num="16" type="stmt" count="8"/>
        <line num="19" type="stmt" count="8"/>
        <line num="21" type="stmt" count="8"/>
        <line num="22" type="stmt" count="8"/>
        <line num="23" type="stmt" count="8"/>
        <line num="24" type="stmt" count="8"/>
        <line num="25" type="stmt" count="8"/>
        <line num="26" type="stmt" count="8"/>
        <line num="28" type="stmt" count="8"/>
        <line num="30" type="stmt" count="8"/>
        <line num="31" type="stmt" count="8"/>
        <line num="33" type="stmt" count="8"/>
        <line num="34" type="stmt" count="8"/>
        <line num="35" type="stmt" count="8"/>
        <line num="38" type="stmt" count="8"/>
        <line num="40" type="stmt" count="8"/>
        <line num="41" type="stmt" count="8"/>
        <line num="42" type="stmt" count="8"/>
        <line num="43" type="stmt" count="8"/>
        <line num="44" type="stmt" count="8"/>
        <line num="45" type="stmt" count="8"/>
        <line num="47" type="stmt" count="8"/>
        <line num="49" type="stmt" count="8"/>
        <line num="50" type="stmt" count="8"/>
        <line num="52" type="stmt" count="8"/>
        <line num="53" type="stmt" count="8"/>
        <line num="54" type="stmt" count="8"/>
        <line num="57" type="stmt" count="8"/>
        <line num="59" type="stmt" count="8"/>
        <line num="60" type="stmt" count="8"/>
        <line num="61" type="stmt" count="8"/>
        <line num="63" type="stmt" count="8"/>
        <line num="65" type="stmt" count="8"/>
        <line num="66" type="stmt" count="8"/>
        <line num="67" type="stmt" count="8"/>
        <line num="69" type="stmt" count="8"/>
        <line num="71" type="stmt" count="8"/>
        <line num="73" type="stmt" count="8"/>
        <line num="74" type="stmt" count="8"/>
        <line num="75" type="stmt" count="8"/>
        <line num="76" type="stmt" count="8"/>
        <line num="77" type="stmt" count="8"/>
        <line num="79" type="stmt" count="8"/>
        <line num="81" type="stmt" count="8"/>
        <line num="82" type="stmt" count="8"/>
        <line num="85" type="stmt" count="8"/>
        <line num="88" type="stmt" count="8"/>
        <line num="90" type="stmt" count="8"/>
        <line num="92" type="stmt" count="8"/>
        <line num="93" type="stmt" count="8"/>
        <line num="95" type="stmt" count="8"/>
        <line num="97" type="stmt" count="8"/>
        <line num="98" type="stmt" count="8"/>
        <line num="99" type="stmt" count="8"/>
        <line num="100" type="stmt" count="8"/>
        <line num="101" type="stmt" count="8"/>
        <line num="102" type="stmt" count="8"/>
        <line num="104" type="stmt" count="8"/>
        <line num="107" type="stmt" count="1"/>
        <metrics loc="106" ncloc="106" classes="1" methods="1" coveredmethods="1" conditionals="0" coveredconditionals="0" statements="60" coveredstatements="60" elements="61" coveredelements="61"/>
      </file>
    </package>
    <package name="Application\Form">
      <file name="/var/www/central4/module/Application/src/Application/Form/Login.php">
        <class name="Login" namespace="Application\Form">
          <metrics methods="1" coveredmethods="0" conditionals="0" coveredconditionals="0" statements="36" coveredstatements="0" elements="37" coveredelements="0"/>
        </class>
        <line num="10" type="method" name="__construct" crap="2" count="0"/>
        <line num="11" type="stmt" count="0"/>
        <line num="13" type="stmt" count="0"/>
        <line num="14" type="stmt" count="0"/>
        <line num="16" type="stmt" count="0"/>
        <line num="17" type="stmt" count="0"/>
        <line num="18" type="stmt" count="0"/>
        <line num="19" type="stmt" count="0"/>
        <line num="20" type="stmt" count="0"/>
        <line num="21" type="stmt" count="0"/>
        <line num="22" type="stmt" count="0"/>
        <line num="23" type="stmt" count="0"/>
        <line num="24" type="stmt" count="0"/>
        <line num="25" type="stmt" count="0"/>
        <line num="26" type="stmt" count="0"/>
        <line num="27" type="stmt" count="0"/>
        <line num="28" type="stmt" count="0"/>
        <line num="30" type="stmt" count="0"/>
        <line num="31" type="stmt" count="0"/>
        <line num="32" type="stmt" count="0"/>
        <line num="33" type="stmt" count="0"/>
        <line num="34" type="stmt" count="0"/>
        <line num="35" type="stmt" count="0"/>
        <line num="36" type="stmt" count="0"/>
        <line num="37" type="stmt" count="0"/>
        <line num="38" type="stmt" count="0"/>
        <line num="39" type="stmt" count="0"/>
        <line num="40" type="stmt" count="0"/>
        <line num="41" type="stmt" count="0"/>
        <line num="43" type="stmt" count="0"/>
        <line num="44" type="stmt" count="0"/>
        <line num="45" type="stmt" count="0"/>
        <line num="46" type="stmt" count="0"/>
        <line num="47" type="stmt" count="0"/>
        <line num="48" type="stmt" count="0"/>
        <line num="50" type="stmt" count="0"/>
        <metrics loc="51" ncloc="51" classes="1" methods="1" coveredmethods="0" conditionals="0" coveredconditionals="0" statements="36" coveredstatements="0" elements="37" coveredelements="0"/>
      </file>
      <file name="/var/www/central4/module/Application/src/Application/Form/Orgao.php">
        <class name="Orgao" namespace="Application\Form">
          <metrics methods="1" coveredmethods="0" conditionals="0" coveredconditionals="0" statements="64" coveredstatements="0" elements="65" coveredelements="0"/>
        </class>
        <line num="6" type="stmt" count="0"/>
        <line num="11" type="method" name="__construct" crap="2" count="0"/>
        <line num="12" type="stmt" count="0"/>
        <line num="14" type="stmt" count="0"/>
        <line num="15" type="stmt" count="0"/>
        <line num="16" type="stmt" count="0"/>
        <line num="18" type="stmt" count="0"/>
        <line num="19" type="stmt" count="0"/>
        <line num="20" type="stmt" count="0"/>
        <line num="21" type="stmt" count="0"/>
        <line num="22" type="stmt" count="0"/>
        <line num="23" type="stmt" count="0"/>
        <line num="25" type="stmt" count="0"/>
        <line num="26" type="stmt" count="0"/>
        <line num="27" type="stmt" count="0"/>
        <line num="28" type="stmt" count="0"/>
        <line num="29" type="stmt" count="0"/>
        <line num="30" type="stmt" count="0"/>
        <line num="31" type="stmt" count="0"/>
        <line num="32" type="stmt" count="0"/>
        <line num="33" type="stmt" count="0"/>
        <line num="34" type="stmt" count="0"/>
        <line num="35" type="stmt" count="0"/>
        <line num="36" type="stmt" count="0"/>
        <line num="37" type="stmt" count="0"/>
        <line num="39" type="stmt" count="0"/>
        <line num="40" type="stmt" count="0"/>
        <line num="41" type="stmt" count="0"/>
        <line num="42" type="stmt" count="0"/>
        <line num="43" type="stmt" count="0"/>
        <line num="44" type="stmt" count="0"/>
        <line num="45" type="stmt" count="0"/>
        <line num="46" type="stmt" count="0"/>
        <line num="47" type="stmt" count="0"/>
        <line num="48" type="stmt" count="0"/>
        <line num="49" type="stmt" count="0"/>
        <line num="50" type="stmt" count="0"/>
        <line num="53" type="stmt" count="0"/>
        <line num="54" type="stmt" count="0"/>
        <line num="55" type="stmt" count="0"/>
        <line num="56" type="stmt" count="0"/>
        <line num="57" type="stmt" count="0"/>
        <line num="58" type="stmt" count="0"/>
        <line num="59" type="stmt" count="0"/>
        <line num="60" type="stmt" count="0"/>
        <line num="61" type="stmt" count="0"/>
        <line num="62" type="stmt" count="0"/>
        <line num="63" type="stmt" count="0"/>
        <line num="64" type="stmt" count="0"/>
        <line num="65" type="stmt" count="0"/>
        <line num="66" type="stmt" count="0"/>
        <line num="68" type="stmt" count="0"/>
        <line num="69" type="stmt" count="0"/>
        <line num="70" type="stmt" count="0"/>
        <line num="71" type="stmt" count="0"/>
        <line num="72" type="stmt" count="0"/>
        <line num="73" type="stmt" count="0"/>
        <line num="74" type="stmt" count="0"/>
        <line num="75" type="stmt" count="0"/>
        <line num="76" type="stmt" count="0"/>
        <line num="77" type="stmt" count="0"/>
        <line num="78" type="stmt" count="0"/>
        <line num="79" type="stmt" count="0"/>
        <line num="80" type="stmt" count="0"/>
        <line num="82" type="stmt" count="0"/>
        <metrics loc="84" ncloc="84" classes="1" methods="1" coveredmethods="0" conditionals="0" coveredconditionals="0" statements="65" coveredstatements="0" elements="66" coveredelements="0"/>
      </file>
      <file name="/var/www/central4/module/Application/src/Application/Form/Usuario.php">
        <class name="Usuario" namespace="Application\Form">
          <metrics methods="1" coveredmethods="0" conditionals="0" coveredconditionals="0" statements="71" coveredstatements="0" elements="72" coveredelements="0"/>
        </class>
        <line num="10" type="method" name="__construct" crap="2" count="0"/>
        <line num="11" type="stmt" count="0"/>
        <line num="13" type="stmt" count="0"/>
        <line num="15" type="stmt" count="0"/>
        <line num="16" type="stmt" count="0"/>
        <line num="18" type="stmt" count="0"/>
        <line num="19" type="stmt" count="0"/>
        <line num="20" type="stmt" count="0"/>
        <line num="21" type="stmt" count="0"/>
        <line num="22" type="stmt" count="0"/>
        <line num="23" type="stmt" count="0"/>
        <line num="25" type="stmt" count="0"/>
        <line num="26" type="stmt" count="0"/>
        <line num="27" type="stmt" count="0"/>
        <line num="28" type="stmt" count="0"/>
        <line num="29" type="stmt" count="0"/>
        <line num="30" type="stmt" count="0"/>
        <line num="31" type="stmt" count="0"/>
        <line num="32" type="stmt" count="0"/>
        <line num="33" type="stmt" count="0"/>
        <line num="34" type="stmt" count="0"/>
        <line num="35" type="stmt" count="0"/>
        <line num="36" type="stmt" count="0"/>
        <line num="37" type="stmt" count="0"/>
        <line num="39" type="stmt" count="0"/>
        <line num="40" type="stmt" count="0"/>
        <line num="41" type="stmt" count="0"/>
        <line num="42" type="stmt" count="0"/>
        <line num="43" type="stmt" count="0"/>
        <line num="44" type="stmt" count="0"/>
        <line num="45" type="stmt" count="0"/>
        <line num="46" type="stmt" count="0"/>
        <line num="47" type="stmt" count="0"/>
        <line num="48" type="stmt" count="0"/>
        <line num="49" type="stmt" count="0"/>
        <line num="50" type="stmt" count="0"/>
        <line num="51" type="stmt" count="0"/>
        <line num="54" type="stmt" count="0"/>
        <line num="55" type="stmt" count="0"/>
        <line num="56" type="stmt" count="0"/>
        <line num="57" type="stmt" count="0"/>
        <line num="58" type="stmt" count="0"/>
        <line num="59" type="stmt" count="0"/>
        <line num="60" type="stmt" count="0"/>
        <line num="61" type="stmt" count="0"/>
        <line num="62" type="stmt" count="0"/>
        <line num="63" type="stmt" count="0"/>
        <line num="64" type="stmt" count="0"/>
        <line num="65" type="stmt" count="0"/>
        <line num="67" type="stmt" count="0"/>
        <line num="68" type="stmt" count="0"/>
        <line num="69" type="stmt" count="0"/>
        <line num="70" type="stmt" count="0"/>
        <line num="71" type="stmt" count="0"/>
        <line num="72" type="stmt" count="0"/>
        <line num="74" type="stmt" count="0"/>
        <line num="75" type="stmt" count="0"/>
        <line num="76" type="stmt" count="0"/>
        <line num="77" type="stmt" count="0"/>
        <line num="78" type="stmt" count="0"/>
        <line num="79" type="stmt" count="0"/>
        <line num="80" type="stmt" count="0"/>
        <line num="81" type="stmt" count="0"/>
        <line num="82" type="stmt" count="0"/>
        <line num="83" type="stmt" count="0"/>
        <line num="84" type="stmt" count="0"/>
        <line num="85" type="stmt" count="0"/>
        <line num="86" type="stmt" count="0"/>
        <line num="87" type="stmt" count="0"/>
        <line num="88" type="stmt" count="0"/>
        <line num="89" type="stmt" count="0"/>
        <metrics loc="90" ncloc="90" classes="1" methods="1" coveredmethods="0" conditionals="0" coveredconditionals="0" statements="71" coveredstatements="0" elements="72" coveredelements="0"/>
      </file>
    </package>
    <package name="Application\Repository">
      <file name="/var/www/central4/module/Application/src/Application/Repository/Usuario.php">
        <class name="Usuario" namespace="Application\Repository">
          <metrics methods="1" coveredmethods="0" conditionals="0" coveredconditionals="0" statements="8" coveredstatements="0" elements="9" coveredelements="0"/>
        </class>
        <line num="12" type="method" name="findOneByEmailAndSenha" crap="12" count="0"/>
        <line num="13" type="stmt" count="0"/>
        <line num="14" type="stmt" count="0"/>
        <line num="16" type="stmt" count="0"/>
        <line num="17" type="stmt" count="0"/>
        <line num="18" type="stmt" count="0"/>
        <line num="20" type="stmt" count="0"/>
        <line num="21" type="stmt" count="0"/>
        <metrics loc="23" ncloc="23" classes="1" methods="1" coveredmethods="0" conditionals="0" coveredconditionals="0" statements="8" coveredstatements="0" elements="9" coveredelements="0"/>
      </file>
    </package>
    <package name="Application\Service">
      <file name="/var/www/central4/module/Application/src/Application/Service/Orgao.php">
        <class name="Orgao" namespace="Application\Service">
          <metrics methods="0" coveredmethods="0" conditionals="0" coveredconditionals="0" statements="0" coveredstatements="0" elements="0" coveredelements="0"/>
        </class>
        <metrics loc="10" ncloc="10" classes="1" methods="0" coveredmethods="0" conditionals="0" coveredconditionals="0" statements="0" coveredstatements="0" elements="0" coveredelements="0"/>
      </file>
      <file name="/var/www/central4/module/Application/src/Application/Service/Usuario.php">
        <class name="Usuario" namespace="Application\Service">
          <metrics methods="1" coveredmethods="0" conditionals="0" coveredconditionals="0" statements="13" coveredstatements="0" elements="14" coveredelements="0"/>
        </class>
        <line num="10" type="method" name="update" crap="6" count="0"/>
        <line num="11" type="stmt" count="0"/>
        <line num="13" type="stmt" count="0"/>
        <line num="15" type="stmt" count="0"/>
        <line num="16" type="stmt" count="0"/>
        <line num="17" type="stmt" count="0"/>
        <line num="18" type="stmt" count="0"/>
        <line num="19" type="stmt" count="0"/>
        <line num="21" type="stmt" count="0"/>
        <line num="23" type="stmt" count="0"/>
        <line num="24" type="stmt" count="0"/>
        <line num="26" type="stmt" count="0"/>
        <line num="27" type="stmt" count="0"/>
        <metrics loc="29" ncloc="29" classes="1" methods="1" coveredmethods="0" conditionals="0" coveredconditionals="0" statements="13" coveredstatements="0" elements="14" coveredelements="0"/>
      </file>
    </package>
    <package name="Application">
      <file name="/var/www/central4/module/Application/src/Module.php">
        <class name="Module" namespace="Application">
          <metrics methods="6" coveredmethods="0" conditionals="0" coveredconditionals="0" statements="21" coveredstatements="0" elements="27" coveredelements="0"/>
        </class>
        <line num="14" type="method" name="onBootstrap" crap="2" count="0"/>
        <line num="16" type="stmt" count="0"/>
        <line num="17" type="stmt" count="0"/>
        <line num="19" type="method" name="getConfig" crap="2" count="0"/>
        <line num="21" type="stmt" count="0"/>
        <line num="24" type="method" name="getAutoloaderConfig" crap="2" count="0"/>
        <line num="30" type="stmt" count="0"/>
        <line num="31" type="stmt" count="0"/>
        <line num="32" type="stmt" count="0"/>
        <line num="35" type="method" name="getServiceConfig" crap="2" count="0"/>
        <line num="39" type="stmt" count="0"/>
        <line num="40" type="stmt" count="0"/>
        <line num="41" type="stmt" count="0"/>
        <line num="42" type="stmt" count="0"/>
        <line num="43" type="stmt" count="0"/>
        <line num="45" type="stmt" count="0"/>
        <line num="46" type="stmt" count="0"/>
        <line num="49" type="method" name="getViewHelperConfig" crap="1" count="0"/>
        <line num="53" type="stmt" count="0"/>
        <line num="57" type="stmt" count="0"/>
        <line num="62" type="stmt" count="0"/>
        <line num="64" type="stmt" count="0"/>
        <line num="65" type="stmt" count="0"/>
        <metrics loc="68" ncloc="60" classes="1" methods="5" coveredmethods="0" conditionals="0" coveredconditionals="0" statements="18" coveredstatements="0" elements="23" coveredelements="0"/>
      </file>
    </package>
    <package name="Common">
      <file name="/var/www/central4/module/Common/src/Common/AbstractController.php">
        <class name="AbstractController" namespace="Common">
          <metrics methods="12" coveredmethods="0" conditionals="0" coveredconditionals="0" statements="86" coveredstatements="0" elements="98" coveredelements="0"/>
        </class>
        <line num="6" type="stmt" count="0"/>
        <line num="7" type="stmt" count="0"/>
        <line num="32" type="method" name="__construct" crap="2" count="0"/>
        <line num="33" type="stmt" count="0"/>
        <line num="34" type="stmt" count="0"/>
        <line num="35" type="stmt" count="0"/>
        <line num="37" type="method" name="loadClassNames" crap="2" count="0"/>
        <line num="38" type="stmt" count="0"/>
        <line num="40" type="stmt" count="0"/>
        <line num="42" type="stmt" count="0"/>
        <line num="43" type="stmt" count="0"/>
        <line num="44" type="stmt" count="0"/>
        <line num="46" type="stmt" count="0"/>
        <line num="47" type="stmt" count="0"/>
        <line num="48" type="stmt" count="0"/>
        <line num="49" type="stmt" count="0"/>
        <line num="50" type="stmt" count="0"/>
        <line num="52" type="stmt" count="0"/>
        <line num="54" type="method" name="getRepository" crap="12" count="0"/>
        <line num="55" type="stmt" count="0"/>
        <line num="56" type="stmt" count="0"/>
        <line num="57" type="stmt" count="0"/>
        <line num="58" type="stmt" count="0"/>
        <line num="59" type="stmt" count="0"/>
        <line num="60" type="stmt" count="0"/>
        <line num="61" type="stmt" count="0"/>
        <line num="62" type="stmt" count="0"/>
        <line num="63" type="stmt" count="0"/>
        <line num="65" type="method" name="getService" crap="6" count="0"/>
        <line num="66" type="stmt" count="0"/>
        <line num="68" type="stmt" count="0"/>
        <line num="69" type="stmt" count="0"/>
        <line num="70" type="stmt" count="0"/>
        <line num="72" type="stmt" count="0"/>
        <line num="73" type="stmt" count="0"/>
        <line num="75" type="method" name="getForm" crap="6" count="0"/>
        <line num="76" type="stmt" count="0"/>
        <line num="77" type="stmt" count="0"/>
        <line num="78" type="stmt" count="0"/>
        <line num="79" type="stmt" count="0"/>
        <line num="80" type="stmt" count="0"/>
        <line num="81" type="stmt" count="0"/>
        <line num="82" type="stmt" count="0"/>
        <line num="83" type="stmt" count="0"/>
        <line num="85" type="method" name="getData" crap="6" count="0"/>
        <line num="86" type="stmt" count="0"/>
        <line num="87" type="stmt" count="0"/>
        <line num="88" type="stmt" count="0"/>
        <line num="89" type="stmt" count="0"/>
        <line num="91" type="stmt" count="0"/>
        <line num="93" type="stmt" count="0"/>
        <line num="94" type="stmt" count="0"/>
        <line num="95" type="stmt" count="0"/>
        <line num="96" type="stmt" count="0"/>
        <line num="98" type="stmt" count="0"/>
        <line num="99" type="stmt" count="0"/>
        <line num="101" type="method" name="render" crap="12" count="0"/>
        <line num="102" type="stmt" count="0"/>
        <line num="104" type="stmt" count="0"/>
        <line num="105" type="stmt" count="0"/>
        <line num="106" type="stmt" count="0"/>
        <line num="108" type="stmt" count="0"/>
        <line num="109" type="stmt" count="0"/>
        <line num="110" type="stmt" count="0"/>
        <line num="111" type="stmt" count="0"/>
        <line num="113" type="stmt" count="0"/>
        <line num="114" type="stmt" count="0"/>
        <line num="116" type="method" name="getMessage" crap="2" count="0"/>
        <line num="117" type="stmt" count="0"/>
        <line num="118" type="stmt" count="0"/>
        <line num="119" type="stmt" count="0"/>
        <line num="121" type="method" name="success" crap="2" count="0"/>
        <line num="122" type="stmt" count="0"/>
        <line num="123" type="stmt" count="0"/>
        <line num="124" type="stmt" count="0"/>
        <line num="126" type="method" name="error" crap="2" count="0"/>
        <line num="127" type="stmt" count="0"/>
        <line num="128" type="stmt" count="0"/>
        <line num="129" type="stmt" count="0"/>
        <line num="131" type="method" name="setFlash" crap="2" count="0"/>
        <line num="132" type="stmt" count="0"/>
        <line num="133" type="stmt" count="0"/>
        <line num="134" type="stmt" count="0"/>
        <line num="136" type="method" name="getResource" crap="2" count="0"/>
        <line num="137" type="stmt" count="0"/>
        <line num="138" type="stmt" count="0"/>
        <line num="139" type="stmt" count="0"/>
        <line num="140" type="stmt" count="0"/>
        <metrics loc="142" ncloc="142" classes="1" methods="12" coveredmethods="0" conditionals="0" coveredconditionals="0" statements="88" coveredstatements="0" elements="100" coveredelements="0"/>
      </file>
      <file name="/var/www/central4/module/Common/src/Common/AbstractEntity.php">
        <class name="AbstractEntity" namespace="Common">
          <metrics methods="11" coveredmethods="10" conditionals="0" coveredconditionals="0" statements="50" coveredstatements="44" elements="61" coveredelements="54"/>
        </class>
        <line num="0" type="stmt" count="1"/>
        <line num="10" type="method" name="__construct" crap="2" count="8"/>
        <line num="12" type="stmt" count="8"/>
        <line num="13" type="stmt" count="8"/>
        <line num="14" type="stmt" count="8"/>
        <line num="15" type="stmt" count="8"/>
        <line num="16" type="stmt" count="8"/>
        <line num="18" type="method" name="__set" crap="2.15" count="8"/>
        <line num="20" type="stmt" count="8"/>
        <line num="21" type="stmt" count="8"/>
        <line num="22" type="stmt" count="0"/>
        <line num="23" type="stmt" count="0"/>
        <line num="24" type="stmt" count="8"/>
        <line num="26" type="stmt" count="8"/>
        <line num="28" type="method" name="__get" crap="1" count="2"/>
        <line num="30" type="stmt" count="2"/>
        <line num="33" type="method" name="setData" crap="2" count="8"/>
        <line num="35" type="stmt" count="8"/>
        <line num="36" type="stmt" count="8"/>
        <line num="37" type="stmt" count="8"/>
        <line num="38" type="stmt" count="8"/>
        <line num="40" type="method" name="toArray" crap="4.25" count="8"/>
        <line num="42" type="stmt" count="8"/>
        <line num="43" type="stmt" count="8"/>
        <line num="44" type="stmt" count="8"/>
        <line num="45" type="stmt" count="0"/>
        <line num="46" type="stmt" count="0"/>
        <line num="47" type="stmt" count="8"/>
        <line num="50" type="stmt" count="8"/>
        <line num="51" type="stmt" count="8"/>
        <line num="54" type="method" name="isValid" crap="1" count="8"/>
        <line num="56" type="stmt" count="8"/>
        <line num="57" type="stmt" count="8"/>
        <line num="58" type="stmt" count="8"/>
        <line num="61" type="method" name="validate" crap="2" count="6"/>
        <line num="63" type="stmt" count="6"/>
        <line num="64" type="stmt" count="4"/>
        <line num="67" type="stmt" count="2"/>
        <line num="70" type="method" name="getInvalidMessages" crap="3" count="4"/>
        <line num="71" type="stmt" count="4"/>
        <line num="72" type="stmt" count="4"/>
        <line num="73" type="stmt" count="4"/>
        <line num="74" type="stmt" count="4"/>
        <line num="75" type="stmt" count="4"/>
        <line num="76" type="stmt" count="4"/>
        <line num="78" type="stmt" count="4"/>
        <line num="81" type="method" name="getInputFilter" crap="3.03" count="8"/>
        <line num="83" type="stmt" count="8"/>
        <line num="84" type="stmt" count="8"/>
        <line num="85" type="stmt" count="8"/>
        <line num="86" type="stmt" count="0"/>
        <line num="88" type="stmt" count="8"/>
        <line num="89" type="stmt" count="8"/>
        <line num="90" type="stmt" count="8"/>
        <line num="93" type="method" name="getInputFilterClassName" crap="1" count="8"/>
        <line num="95" type="stmt" count="8"/>
        <line num="96" type="stmt" count="8"/>
        <line num="97" type="stmt" count="8"/>
        <line num="98" type="stmt" count="8"/>
        <line num="99" type="stmt" count="8"/>
        <line num="102" type="method" name="__toString" crap="2" count="0"/>
        <line num="104" type="stmt" count="0"/>
        <line num="108" type="stmt" count="1"/>
        <metrics loc="107" ncloc="107" classes="1" methods="11" coveredmethods="7" conditionals="0" coveredconditionals="0" statements="50" coveredstatements="44" elements="61" coveredelements="51"/>
      </file>
      <file name="/var/www/central4/module/Common/src/Common/AbstractForm.php">
        <class name="AbstractForm" namespace="Common">
          <metrics methods="3" coveredmethods="0" conditionals="0" coveredconditionals="0" statements="26" coveredstatements="0" elements="29" coveredelements="0"/>
        </class>
        <line num="6" type="stmt" count="0"/>
        <line num="7" type="stmt" count="0"/>
        <line num="12" type="method" name="loadInputFilter" crap="6" count="0"/>
        <line num="14" type="stmt" count="0"/>
        <line num="15" type="stmt" count="0"/>
        <line num="17" type="stmt" count="0"/>
        <line num="18" type="stmt" count="0"/>
        <line num="19" type="stmt" count="0"/>
        <line num="20" type="stmt" count="0"/>
        <line num="21" type="stmt" count="0"/>
        <line num="23" type="stmt" count="0"/>
        <line num="24" type="stmt" count="0"/>
        <line num="26" type="method" name="validate" crap="6" count="0"/>
        <line num="27" type="stmt" count="0"/>
        <line num="28" type="stmt" count="0"/>
        <line num="29" type="stmt" count="0"/>
        <line num="30" type="stmt" count="0"/>
        <line num="32" type="stmt" count="0"/>
        <line num="33" type="stmt" count="0"/>
        <line num="35" type="method" name="getExceptionMessage" crap="6" count="0"/>
        <line num="36" type="stmt" count="0"/>
        <line num="37" type="stmt" count="0"/>
        <line num="38" type="stmt" count="0"/>
        <line num="40" type="stmt" count="0"/>
        <line num="41" type="stmt" count="0"/>
        <line num="42" type="stmt" count="0"/>
        <line num="44" type="stmt" count="0"/>
        <line num="46" type="stmt" count="0"/>
        <metrics loc="48" ncloc="48" classes="1" methods="3" coveredmethods="0" conditionals="0" coveredconditionals="0" statements="28" coveredstatements="0" elements="31" coveredelements="0"/>
      </file>
      <file name="/var/www/central4/module/Common/src/Common/AbstractRepository.php">
        <class name="AbstractRepository" namespace="Common">
          <metrics methods="2" coveredmethods="0" conditionals="0" coveredconditionals="0" statements="17" coveredstatements="0" elements="19" coveredelements="0"/>
        </class>
        <line num="13" type="method" name="findAll" crap="6" count="0"/>
        <line num="14" type="stmt" count="0"/>
        <line num="16" type="stmt" count="0"/>
        <line num="17" type="stmt" count="0"/>
        <line num="18" type="stmt" count="0"/>
        <line num="20" type="stmt" count="0"/>
        <line num="21" type="stmt" count="0"/>
        <line num="22" type="stmt" count="0"/>
        <line num="24" type="method" name="fetchPairs" crap="6" count="0"/>
        <line num="25" type="stmt" count="0"/>
        <line num="26" type="stmt" count="0"/>
        <line num="27" type="stmt" count="0"/>
        <line num="28" type="stmt" count="0"/>
        <line num="29" type="stmt" count="0"/>
        <line num="30" type="stmt" count="0"/>
        <line num="31" type="stmt" count="0"/>
        <line num="32" type="stmt" count="0"/>
        <metrics loc="33" ncloc="33" classes="1" methods="2" coveredmethods="0" conditionals="0" coveredconditionals="0" statements="17" coveredstatements="0" elements="19" coveredelements="0"/>
      </file>
      <file name="/var/www/central4/module/Common/src/Common/AbstractService.php">
        <class name="AbstractService" namespace="Common">
          <metrics methods="7" coveredmethods="0" conditionals="0" coveredconditionals="0" statements="44" coveredstatements="0" elements="51" coveredelements="0"/>
        </class>
        <line num="12" type="method" name="__construct" crap="2" count="0"/>
        <line num="13" type="stmt" count="0"/>
        <line num="14" type="stmt" count="0"/>
        <line num="15" type="stmt" count="0"/>
        <line num="17" type="method" name="insert" crap="2" count="0"/>
        <line num="18" type="stmt" count="0"/>
        <line num="19" type="stmt" count="0"/>
        <line num="21" type="stmt" count="0"/>
        <line num="22" type="stmt" count="0"/>
        <line num="24" type="stmt" count="0"/>
        <line num="25" type="stmt" count="0"/>
        <line num="27" type="method" name="update" crap="2" count="0"/>
        <line num="28" type="stmt" count="0"/>
        <line num="29" type="stmt" count="0"/>
        <line num="31" type="stmt" count="0"/>
        <line num="33" type="stmt" count="0"/>
        <line num="34" type="stmt" count="0"/>
        <line num="36" type="stmt" count="0"/>
        <line num="37" type="stmt" count="0"/>
        <line num="39" type="method" name="delete" crap="6" count="0"/>
        <line num="40" type="stmt" count="0"/>
        <line num="41" type="stmt" count="0"/>
        <line num="42" type="stmt" count="0"/>
        <line num="43" type="stmt" count="0"/>
        <line num="44" type="stmt" count="0"/>
        <line num="45" type="stmt" count="0"/>
        <line num="46" type="stmt" count="0"/>
        <line num="47" type="stmt" count="0"/>
        <line num="49" type="method" name="createEntity" crap="2" count="0"/>
        <line num="50" type="stmt" count="0"/>
        <line num="51" type="stmt" count="0"/>
        <line num="52" type="stmt" count="0"/>
        <line num="53" type="stmt" count="0"/>
        <line num="55" type="method" name="getReference" crap="6" count="0"/>
        <line num="56" type="stmt" count="0"/>
        <line num="57" type="stmt" count="0"/>
        <line num="58" type="stmt" count="0"/>
        <line num="59" type="stmt" count="0"/>
        <line num="60" type="stmt" count="0"/>
        <line num="61" type="stmt" count="0"/>
        <line num="63" type="method" name="getEntityName" crap="2" count="0"/>
        <line num="64" type="stmt" count="0"/>
        <line num="65" type="stmt" count="0"/>
        <line num="66" type="stmt" count="0"/>
        <metrics loc="67" ncloc="67" classes="1" methods="7" coveredmethods="0" conditionals="0" coveredconditionals="0" statements="44" coveredstatements="0" elements="51" coveredelements="0"/>
      </file>
      <file name="/var/www/central4/module/Common/src/Common/Module.php">
        <class name="Module" namespace="Common">
          <metrics methods="4" coveredmethods="0" conditionals="0" coveredconditionals="0" statements="21" coveredstatements="0" elements="25" coveredelements="0"/>
        </class>
        <line num="10" type="method" name="getConfig" crap="2" count="0"/>
        <line num="12" type="stmt" count="0"/>
        <line num="15" type="method" name="getAutoloaderConfig" crap="2" count="0"/>
        <line num="20" type="stmt" count="0"/>
        <line num="21" type="stmt" count="0"/>
        <line num="22" type="stmt" count="0"/>
        <line num="23" type="stmt" count="0"/>
        <line num="26" type="method" name="getViewHelperConfig" crap="1" count="0"/>
        <line num="30" type="method" name="anonymous function" crap="2" count="0"/>
        <line num="31" type="stmt" count="0"/>
        <line num="32" type="stmt" count="0"/>
        <line num="33" type="stmt" count="0"/>
        <line num="35" type="stmt" count="0"/>
        <line num="36" type="stmt" count="0"/>
        <line num="37" type="stmt" count="0"/>
        <line num="39" type="stmt" count="0"/>
        <line num="40" type="stmt" count="0"/>
        <metrics loc="43" ncloc="43" classes="1" methods="3" coveredmethods="0" conditionals="0" coveredconditionals="0" statements="14" coveredstatements="0" elements="17" coveredelements="0"/>
      </file>
    </package>
    <package name="Common\Controller">
      <file name="/var/www/central4/module/Common/src/Common/Controller/EditarAction.php">
        <class name="EditarAction" namespace="Common\Controller">
          <metrics methods="1" coveredmethods="0" conditionals="0" coveredconditionals="0" statements="25" coveredstatements="0" elements="26" coveredelements="0"/>
        </class>
        <line num="8" type="method" name="editarAction" crap="20" count="0"/>
        <line num="9" type="stmt" count="0"/>
        <line num="11" type="stmt" count="0"/>
        <line num="12" type="stmt" count="0"/>
        <line num="14" type="stmt" count="0"/>
        <line num="15" type="stmt" count="0"/>
        <line num="16" type="stmt" count="0"/>
        <line num="17" type="stmt" count="0"/>
        <line num="18" type="stmt" count="0"/>
        <line num="19" type="stmt" count="0"/>
        <line num="20" type="stmt" count="0"/>
        <line num="21" type="stmt" count="0"/>
        <line num="22" type="stmt" count="0"/>
        <line num="23" type="stmt" count="0"/>
        <line num="24" type="stmt" count="0"/>
        <line num="26" type="stmt" count="0"/>
        <line num="27" type="stmt" count="0"/>
        <line num="28" type="stmt" count="0"/>
        <line num="29" type="stmt" count="0"/>
        <line num="31" type="stmt" count="0"/>
        <line num="32" type="stmt" count="0"/>
        <line num="33" type="stmt" count="0"/>
        <line num="35" type="stmt" count="0"/>
        <line num="36" type="stmt" count="0"/>
        <line num="37" type="stmt" count="0"/>
        <metrics loc="39" ncloc="39" classes="1" methods="1" coveredmethods="0" conditionals="0" coveredconditionals="0" statements="25" coveredstatements="0" elements="26" coveredelements="0"/>
      </file>
      <file name="/var/www/central4/module/Common/src/Common/Controller/ExcluirAction.php">
        <class name="IndexAction" namespace="Common\Controller">
          <metrics methods="1" coveredmethods="0" conditionals="0" coveredconditionals="0" statements="11" coveredstatements="0" elements="12" coveredelements="0"/>
        </class>
        <line num="8" type="method" name="excluirAction" crap="6" count="0"/>
        <line num="9" type="stmt" count="0"/>
        <line num="10" type="stmt" count="0"/>
        <line num="11" type="stmt" count="0"/>
        <line num="12" type="stmt" count="0"/>
        <line num="13" type="stmt" count="0"/>
        <line num="14" type="stmt" count="0"/>
        <line num="15" type="stmt" count="0"/>
        <line num="16" type="stmt" count="0"/>
        <line num="18" type="stmt" count="0"/>
        <line num="19" type="stmt" count="0"/>
        <metrics loc="21" ncloc="21" classes="1" methods="1" coveredmethods="0" conditionals="0" coveredconditionals="0" statements="11" coveredstatements="0" elements="12" coveredelements="0"/>
      </file>
      <file name="/var/www/central4/module/Common/src/Common/Controller/IndexAction.php">
        <class name="IndexAction" namespace="Common\Controller">
          <metrics methods="1" coveredmethods="0" conditionals="0" coveredconditionals="0" statements="9" coveredstatements="0" elements="10" coveredelements="0"/>
        </class>
        <line num="6" type="stmt" count="0"/>
        <line num="11" type="method" name="indexAction" crap="2" count="0"/>
        <line num="12" type="stmt" count="0"/>
        <line num="13" type="stmt" count="0"/>
        <line num="15" type="stmt" count="0"/>
        <line num="17" type="stmt" count="0"/>
        <line num="18" type="stmt" count="0"/>
        <line num="19" type="stmt" count="0"/>
        <line num="20" type="stmt" count="0"/>
        <line num="21" type="stmt" count="0"/>
        <metrics loc="23" ncloc="23" classes="1" methods="1" coveredmethods="0" conditionals="0" coveredconditionals="0" statements="10" coveredstatements="0" elements="11" coveredelements="0"/>
      </file>
      <file name="/var/www/central4/module/Common/src/Common/Controller/NovoAction.php">
        <class name="NovoAction" namespace="Common\Controller">
          <metrics methods="1" coveredmethods="0" conditionals="0" coveredconditionals="0" statements="24" coveredstatements="0" elements="25" coveredelements="0"/>
        </class>
        <line num="8" type="method" name="novoAction" crap="30" count="0"/>
        <line num="9" type="stmt" count="0"/>
        <line num="10" type="stmt" count="0"/>
        <line num="11" type="stmt" count="0"/>
        <line num="12" type="stmt" count="0"/>
        <line num="13" type="stmt" count="0"/>
        <line num="15" type="stmt" count="0"/>
        <line num="16" type="stmt" count="0"/>
        <line num="18" type="stmt" count="0"/>
        <line num="19" type="stmt" count="0"/>
        <line num="20" type="stmt" count="0"/>
        <line num="21" type="stmt" count="0"/>
        <line num="22" type="stmt" count="0"/>
        <line num="23" type="stmt" count="0"/>
        <line num="24" type="stmt" count="0"/>
        <line num="25" type="stmt" count="0"/>
        <line num="26" type="stmt" count="0"/>
        <line num="27" type="stmt" count="0"/>
        <line num="28" type="stmt" count="0"/>
        <line num="29" type="stmt" count="0"/>
        <line num="30" type="stmt" count="0"/>
        <line num="31" type="stmt" count="0"/>
        <line num="33" type="stmt" count="0"/>
        <line num="34" type="stmt" count="0"/>
        <metrics loc="36" ncloc="36" classes="1" methods="1" coveredmethods="0" conditionals="0" coveredconditionals="0" statements="24" coveredstatements="0" elements="25" coveredelements="0"/>
      </file>
    </package>
    <package name="Common\Helper">
      <file name="/var/www/central4/module/Common/src/Common/Helper/BootstrapRow.php">
        <class name="BootstrapRow" namespace="Common\Helper">
          <metrics methods="8" coveredmethods="0" conditionals="0" coveredconditionals="0" statements="100" coveredstatements="0" elements="108" coveredelements="0"/>
        </class>
        <line num="6" type="stmt" count="0"/>
        <line num="16" type="method" name="render" crap="2" count="0"/>
        <line num="17" type="stmt" count="0"/>
        <line num="19" type="stmt" count="0"/>
        <line num="20" type="stmt" count="0"/>
        <line num="22" type="stmt" count="0"/>
        <line num="23" type="stmt" count="0"/>
        <line num="24" type="stmt" count="0"/>
        <line num="26" type="method" name="__toString" crap="56" count="0"/>
        <line num="27" type="stmt" count="0"/>
        <line num="32" type="stmt" count="0"/>
        <line num="34" type="stmt" count="0"/>
        <line num="36" type="stmt" count="0"/>
        <line num="37" type="stmt" count="0"/>
        <line num="40" type="stmt" count="0"/>
        <line num="41" type="stmt" count="0"/>
        <line num="42" type="stmt" count="0"/>
        <line num="44" type="stmt" count="0"/>
        <line num="45" type="stmt" count="0"/>
        <line num="47" type="stmt" count="0"/>
        <line num="48" type="stmt" count="0"/>
        <line num="49" type="stmt" count="0"/>
        <line num="50" type="stmt" count="0"/>
        <line num="51" type="stmt" count="0"/>
        <line num="52" type="stmt" count="0"/>
        <line num="54" type="stmt" count="0"/>
        <line num="55" type="stmt" count="0"/>
        <line num="56" type="stmt" count="0"/>
        <line num="57" type="stmt" count="0"/>
        <line num="58" type="stmt" count="0"/>
        <line num="59" type="stmt" count="0"/>
        <line num="60" type="stmt" count="0"/>
        <line num="61" type="stmt" count="0"/>
        <line num="62" type="stmt" count="0"/>
        <line num="64" type="stmt" count="0"/>
        <line num="65" type="stmt" count="0"/>
        <line num="68" type="stmt" count="0"/>
        <line num="69" type="stmt" count="0"/>
        <line num="70" type="stmt" count="0"/>
        <line num="71" type="stmt" count="0"/>
        <line num="72" type="stmt" count="0"/>
        <line num="73" type="stmt" count="0"/>
        <line num="74" type="stmt" count="0"/>
        <line num="75" type="stmt" count="0"/>
        <line num="76" type="stmt" count="0"/>
        <line num="77" type="stmt" count="0"/>
        <line num="78" type="stmt" count="0"/>
        <line num="79" type="stmt" count="0"/>
        <line num="80" type="stmt" count="0"/>
        <line num="82" type="stmt" count="0"/>
        <line num="84" type="stmt" count="0"/>
        <line num="86" type="method" name="renderLabel" crap="6" count="0"/>
        <line num="87" type="stmt" count="0"/>
        <line num="88" type="stmt" count="0"/>
        <line num="89" type="stmt" count="0"/>
        <line num="90" type="stmt" count="0"/>
        <line num="91" type="stmt" count="0"/>
        <line num="92" type="stmt" count="0"/>
        <line num="93" type="stmt" count="0"/>
        <line num="94" type="stmt" count="0"/>
        <line num="96" type="stmt" count="0"/>
        <line num="97" type="stmt" count="0"/>
        <line num="99" type="method" name="renderInput" crap="20" count="0"/>
        <line num="100" type="stmt" count="0"/>
        <line num="101" type="stmt" count="0"/>
        <line num="102" type="stmt" count="0"/>
        <line num="104" type="stmt" count="0"/>
        <line num="106" type="stmt" count="0"/>
        <line num="107" type="stmt" count="0"/>
        <line num="108" type="stmt" count="0"/>
        <line num="110" type="stmt" count="0"/>
        <line num="111" type="stmt" count="0"/>
        <line num="112" type="stmt" count="0"/>
        <line num="114" type="stmt" count="0"/>
        <line num="115" type="stmt" count="0"/>
        <line num="117" type="stmt" count="0"/>
        <line num="118" type="stmt" count="0"/>
        <line num="119" type="stmt" count="0"/>
        <line num="121" type="stmt" count="0"/>
        <line num="123" type="stmt" count="0"/>
        <line num="124" type="stmt" count="0"/>
        <line num="126" type="method" name="prepend" crap="2" count="0"/>
        <line num="127" type="stmt" count="0"/>
        <line num="128" type="stmt" count="0"/>
        <line num="129" type="stmt" count="0"/>
        <line num="130" type="stmt" count="0"/>
        <line num="132" type="method" name="append" crap="2" count="0"/>
        <line num="133" type="stmt" count="0"/>
        <line num="134" type="stmt" count="0"/>
        <line num="135" type="stmt" count="0"/>
        <line num="136" type="stmt" count="0"/>
        <line num="138" type="method" name="prependIcon" crap="2" count="0"/>
        <line num="139" type="stmt" count="0"/>
        <line num="140" type="stmt" count="0"/>
        <line num="141" type="stmt" count="0"/>
        <line num="142" type="stmt" count="0"/>
        <line num="144" type="method" name="appendIcon" crap="2" count="0"/>
        <line num="145" type="stmt" count="0"/>
        <line num="146" type="stmt" count="0"/>
        <line num="147" type="stmt" count="0"/>
        <line num="148" type="stmt" count="0"/>
        <metrics loc="150" ncloc="148" classes="1" methods="8" coveredmethods="0" conditionals="0" coveredconditionals="0" statements="101" coveredstatements="0" elements="109" coveredelements="0"/>
      </file>
      <file name="/var/www/central4/module/Common/src/Common/Helper/FlashMessages.php">
        <class name="FlashMessages" namespace="Common\Helper">
          <metrics methods="2" coveredmethods="0" conditionals="0" coveredconditionals="0" statements="30" coveredstatements="0" elements="32" coveredelements="0"/>
        </class>
        <line num="12" type="method" name="setFlashMessager" crap="6" count="0"/>
        <line num="13" type="stmt" count="0"/>
        <line num="14" type="stmt" count="0"/>
        <line num="15" type="stmt" count="0"/>
        <line num="16" type="stmt" count="0"/>
        <line num="17" type="stmt" count="0"/>
        <line num="19" type="method" name="__invoke" crap="12" count="0"/>
        <line num="20" type="stmt" count="0"/>
        <line num="23" type="stmt" count="0"/>
        <line num="24" type="stmt" count="0"/>
        <line num="25" type="stmt" count="0"/>
        <line num="27" type="stmt" count="0"/>
        <line num="28" type="stmt" count="0"/>
        <line num="29" type="stmt" count="0"/>
        <line num="31" type="stmt" count="0"/>
        <line num="33" type="stmt" count="0"/>
        <line num="34" type="stmt" count="0"/>
        <line num="35" type="stmt" count="0"/>
        <line num="36" type="stmt" count="0"/>
        <line num="37" type="stmt" count="0"/>
        <line num="39" type="stmt" count="0"/>
        <line num="41" type="stmt" count="0"/>
        <line num="42" type="stmt" count="0"/>
        <line num="43" type="stmt" count="0"/>
        <line num="44" type="stmt" count="0"/>
        <line num="45" type="stmt" count="0"/>
        <line num="46" type="stmt" count="0"/>
        <line num="47" type="stmt" count="0"/>
        <line num="49" type="stmt" count="0"/>
        <line num="50" type="stmt" count="0"/>
        <metrics loc="51" ncloc="49" classes="1" methods="2" coveredmethods="0" conditionals="0" coveredconditionals="0" statements="30" coveredstatements="0" elements="32" coveredelements="0"/>
      </file>
    </package>
    <metrics files="28" loc="1655" ncloc="1540" classes="28" methods="81" coveredmethods="14" conditionals="0" coveredconditionals="0" statements="847" coveredstatements="125" elements="928" coveredelements="139"/>
  </project>
</coverage>
